Username         Port     From             Latest
root                                       **Never logged in**
daemon                                     **Never logged in**
bin                                        **Never logged in**
sys                                        **Never logged in**
sync                                       **Never logged in**
games                                      **Never logged in**
man                                        **Never logged in**
lp                                         **Never logged in**
mail                                       **Never logged in**
news                                       **Never logged in**
uucp                                       **Never logged in**
proxy                                      **Never logged in**
www-data                                   **Never logged in**
backup                                     **Never logged in**
list                                       **Never logged in**
irc                                        **Never logged in**
gnats                                      **Never logged in**
nobody                                     **Never logged in**
systemd-network                            **Never logged in**
systemd-resolve                            **Never logged in**
systemd-timesync                           **Never logged in**
messagebus                                 **Never logged in**
syslog                                     **Never logged in**
_apt                                       **Never logged in**
tss                                        **Never logged in**
uuidd                                      **Never logged in**
tcpdump                                    **Never logged in**
landscape                                  **Never logged in**
pollinate                                  **Never logged in**
usbmux                                     **Never logged in**
sshd                                       **Never logged in**
systemd-coredump                           **Never logged in**
yegharr          pts/0    192.168.238.1    Sat Oct  8 11:07:24 +0400 2022
lxd                                        **Never logged in**
yegtest          pts/1    192.168.238.1    Fri Oct  7 12:00:42 +0400 2022
ntp                                        **Never logged in**
